2025-05-29 18:12:34,467 INFO    MainThread:17856 [wandb_setup.py:_flush():68] Current SDK version is 0.19.10
2025-05-29 18:12:34,467 INFO    MainThread:17856 [wandb_setup.py:_flush():68] Configure stats pid to 17856
2025-05-29 18:12:34,467 INFO    MainThread:17856 [wandb_setup.py:_flush():68] Loading settings from C:\Users\Administrator\.config\wandb\settings
2025-05-29 18:12:34,467 INFO    MainThread:17856 [wandb_setup.py:_flush():68] Loading settings from D:\项目\咕泡项目\物体检测\YOLO_LEARN\wandb\settings
2025-05-29 18:12:34,467 INFO    MainThread:17856 [wandb_setup.py:_flush():68] Loading settings from environment variables
2025-05-29 18:12:34,467 INFO    MainThread:17856 [wandb_init.py:setup_run_log_directory():724] Logging user logs to D:\项目\咕泡项目\物体检测\YOLO_LEARN\wandb\run-20250529_181234-up3iy4h8\logs\debug.log
2025-05-29 18:12:34,467 INFO    MainThread:17856 [wandb_init.py:setup_run_log_directory():725] Logging internal logs to D:\项目\咕泡项目\物体检测\YOLO_LEARN\wandb\run-20250529_181234-up3iy4h8\logs\debug-internal.log
2025-05-29 18:12:34,467 INFO    MainThread:17856 [wandb_init.py:init():852] calling init triggers
2025-05-29 18:12:34,467 INFO    MainThread:17856 [wandb_init.py:init():857] wandb.init called with sweep_config: {}
config: {'weights': 'yolov7.pt', 'cfg': 'cfg/training/yolov7.yaml', 'data': 'data/neu.yaml', 'hyp': {'lr0': 0.01, 'lrf': 0.1, 'momentum': 0.937, 'weight_decay': 0.0005, 'warmup_epochs': 3.0, 'warmup_momentum': 0.8, 'warmup_bias_lr': 0.1, 'box': 0.05, 'cls': 0.3, 'cls_pw': 1.0, 'obj': 0.7, 'obj_pw': 1.0, 'iou_t': 0.2, 'anchor_t': 4.0, 'fl_gamma': 0.0, 'hsv_h': 0.015, 'hsv_s': 0.7, 'hsv_v': 0.4, 'degrees': 0.0, 'translate': 0.2, 'scale': 0.9, 'shear': 0.0, 'perspective': 0.0, 'flipud': 0.0, 'fliplr': 0.5, 'mosaic': 1.0, 'mixup': 0.15, 'copy_paste': 0.0, 'paste_in': 0.15, 'loss_ota': 1}, 'epochs': 20, 'batch_size': 4, 'img_size': [640, 640], 'rect': False, 'resume': False, 'nosave': False, 'notest': False, 'noautoanchor': False, 'evole': False, 'evolve': False, 'bucket': '', 'cache_images': False, 'image_weights': False, 'device': '0', 'multi_scale': False, 'single_cls': False, 'adam': False, 'sync_bn': False, 'local_rank': -1, 'workers': 1, 'project': 'runs/train', 'entity': None, 'name': 'yolov7', 'exist_ok': False, 'quad': False, 'linear_lr': False, 'label_smoothing': 0.0, 'upload_dataset': False, 'bbox_interval': -1, 'save_period': -1, 'artifact_alias': 'latest', 'freeze': [0], 'world_size': 1, 'global_rank': -1, 'save_dir': 'runs\\train\\yolov713', 'total_batch_size': 4, '_wandb': {}}
2025-05-29 18:12:34,467 INFO    MainThread:17856 [wandb_init.py:init():893] starting backend
2025-05-29 18:12:34,467 INFO    MainThread:17856 [wandb_init.py:init():897] sending inform_init request
2025-05-29 18:12:34,477 INFO    MainThread:17856 [backend.py:_multiprocessing_setup():101] multiprocessing start_methods=spawn, using: spawn
2025-05-29 18:12:34,477 INFO    MainThread:17856 [wandb_init.py:init():907] backend started and connected
2025-05-29 18:12:34,479 INFO    MainThread:17856 [wandb_init.py:init():1002] updated telemetry
2025-05-29 18:12:34,480 INFO    MainThread:17856 [wandb_init.py:init():1026] communicating run to backend with 90.0 second timeout
2025-05-29 18:12:35,824 INFO    MainThread:17856 [wandb_init.py:init():1101] starting run threads in backend
2025-05-29 18:12:36,351 INFO    MainThread:17856 [wandb_run.py:_console_start():2566] atexit reg
2025-05-29 18:12:36,352 INFO    MainThread:17856 [wandb_run.py:_redirect():2414] redirect: wrap_raw
2025-05-29 18:12:36,352 INFO    MainThread:17856 [wandb_run.py:_redirect():2483] Wrapping output streams.
2025-05-29 18:12:36,352 INFO    MainThread:17856 [wandb_run.py:_redirect():2506] Redirects installed.
2025-05-29 18:12:36,355 INFO    MainThread:17856 [wandb_init.py:init():1147] run started, returning control to user process
2025-05-29 18:12:36,356 INFO    MainThread:17856 [wandb_config.py:__setitem__():154] [no run ID] config set opt = {'weights': 'yolov7.pt', 'cfg': 'cfg/training/yolov7.yaml', 'data': 'data/neu.yaml', 'hyp': {'lr0': 0.01, 'lrf': 0.1, 'momentum': 0.937, 'weight_decay': 0.0005, 'warmup_epochs': 3.0, 'warmup_momentum': 0.8, 'warmup_bias_lr': 0.1, 'box': 0.05, 'cls': 0.3, 'cls_pw': 1.0, 'obj': 0.7, 'obj_pw': 1.0, 'iou_t': 0.2, 'anchor_t': 4.0, 'fl_gamma': 0.0, 'hsv_h': 0.015, 'hsv_s': 0.7, 'hsv_v': 0.4, 'degrees': 0.0, 'translate': 0.2, 'scale': 0.9, 'shear': 0.0, 'perspective': 0.0, 'flipud': 0.0, 'fliplr': 0.5, 'mosaic': 1.0, 'mixup': 0.15, 'copy_paste': 0.0, 'paste_in': 0.15, 'loss_ota': 1}, 'epochs': 20, 'batch_size': 4, 'img_size': [640, 640], 'rect': False, 'resume': False, 'nosave': False, 'notest': False, 'noautoanchor': False, 'evole': False, 'evolve': False, 'bucket': '', 'cache_images': False, 'image_weights': False, 'device': '0', 'multi_scale': False, 'single_cls': False, 'adam': False, 'sync_bn': False, 'local_rank': -1, 'workers': 1, 'project': 'runs/train', 'entity': None, 'name': 'yolov7', 'exist_ok': False, 'quad': False, 'linear_lr': False, 'label_smoothing': 0.0, 'upload_dataset': False, 'bbox_interval': -1, 'save_period': -1, 'artifact_alias': 'latest', 'freeze': [0], 'world_size': 1, 'global_rank': -1, 'save_dir': 'runs\\train\\yolov713', 'total_batch_size': 4} - <bound method Run._config_callback of <wandb.sdk.wandb_run.Run object at 0x0000000075C239A0>>
2025-05-29 18:12:36,356 INFO    MainThread:17856 [wandb_run.py:_config_callback():1429] config_cb opt {'weights': 'yolov7.pt', 'cfg': 'cfg/training/yolov7.yaml', 'data': 'data/neu.yaml', 'hyp': {'lr0': 0.01, 'lrf': 0.1, 'momentum': 0.937, 'weight_decay': 0.0005, 'warmup_epochs': 3.0, 'warmup_momentum': 0.8, 'warmup_bias_lr': 0.1, 'box': 0.05, 'cls': 0.3, 'cls_pw': 1.0, 'obj': 0.7, 'obj_pw': 1.0, 'iou_t': 0.2, 'anchor_t': 4.0, 'fl_gamma': 0.0, 'hsv_h': 0.015, 'hsv_s': 0.7, 'hsv_v': 0.4, 'degrees': 0.0, 'translate': 0.2, 'scale': 0.9, 'shear': 0.0, 'perspective': 0.0, 'flipud': 0.0, 'fliplr': 0.5, 'mosaic': 1.0, 'mixup': 0.15, 'copy_paste': 0.0, 'paste_in': 0.15, 'loss_ota': 1}, 'epochs': 20, 'batch_size': 4, 'img_size': [640, 640], 'rect': False, 'resume': False, 'nosave': False, 'notest': False, 'noautoanchor': False, 'evole': False, 'evolve': False, 'bucket': '', 'cache_images': False, 'image_weights': False, 'device': '0', 'multi_scale': False, 'single_cls': False, 'adam': False, 'sync_bn': False, 'local_rank': -1, 'workers': 1, 'project': 'runs/train', 'entity': None, 'name': 'yolov7', 'exist_ok': False, 'quad': False, 'linear_lr': False, 'label_smoothing': 0.0, 'upload_dataset': False, 'bbox_interval': -1, 'save_period': -1, 'artifact_alias': 'latest', 'freeze': [0], 'world_size': 1, 'global_rank': -1, 'save_dir': 'runs\\train\\yolov713', 'total_batch_size': 4} None
2025-05-29 18:12:36,356 INFO    MainThread:17856 [wandb_config.py:__setitem__():154] [no run ID] config set data_dict = {'download': 'bash ./scripts/get_coco.sh', 'train': 'D:\\\\PycharmProject\\\\yolov7-main\\\\NEU-DET\\\\train.txt', 'val': 'D:\\\\PycharmProject\\\\yolov7-main\\\\NEU-DET\\\\val.txt', 'nc': 6, 'names': ['crazing', 'inclusion', 'patches', 'pitted_surface', 'rolled-in_scale', 'scratches']} - <bound method Run._config_callback of <wandb.sdk.wandb_run.Run object at 0x0000000075C239A0>>
2025-05-29 18:12:36,356 INFO    MainThread:17856 [wandb_run.py:_config_callback():1429] config_cb data_dict {'download': 'bash ./scripts/get_coco.sh', 'train': 'D:\\\\PycharmProject\\\\yolov7-main\\\\NEU-DET\\\\train.txt', 'val': 'D:\\\\PycharmProject\\\\yolov7-main\\\\NEU-DET\\\\val.txt', 'nc': 6, 'names': ['crazing', 'inclusion', 'patches', 'pitted_surface', 'rolled-in_scale', 'scratches']} None
2025-05-29 23:27:01,974 WARNING MsgRouterThr:17856 [router.py:message_loop():63] [no run ID] message_loop has been closed
Traceback (most recent call last):
  File "D:\项目\微调\.venv\lib\site-packages\wandb\sdk\lib\sock_client.py", line 208, in _read_packet_bytes
    data = self._sock.recv(self._bufsize)
ConnectionResetError: [WinError 10054] 远程主机强迫关闭了一个现有的连接。

The above exception was the direct cause of the following exception:

Traceback (most recent call last):
  File "D:\项目\微调\.venv\lib\site-packages\wandb\sdk\interface\router_sock.py", line 27, in _read_message
    return self._sock_client.read_server_response(timeout=1)
  File "D:\项目\微调\.venv\lib\site-packages\wandb\sdk\lib\sock_client.py", line 235, in read_server_response
    data = self._read_packet_bytes(timeout=timeout)
  File "D:\项目\微调\.venv\lib\site-packages\wandb\sdk\lib\sock_client.py", line 212, in _read_packet_bytes
    raise SockClientClosedError from e
wandb.sdk.lib.sock_client.SockClientClosedError

The above exception was the direct cause of the following exception:

Traceback (most recent call last):
  File "D:\项目\微调\.venv\lib\site-packages\wandb\sdk\interface\router.py", line 56, in message_loop
    msg = self._read_message()
  File "D:\项目\微调\.venv\lib\site-packages\wandb\sdk\interface\router_sock.py", line 29, in _read_message
    raise MessageRouterClosedError from e
wandb.sdk.interface.router.MessageRouterClosedError
2025-05-29 23:27:01,981 INFO    MsgRouterThr:17856 [mailbox.py:close():129] [no run ID] Closing mailbox, abandoning 1 handles.
