{'download': 'bash ./scripts/get_coco.sh', 'train': 'D:\\\\PycharmProject\\\\yolov7-main\\\\NEU-DET\\\\train.txt', 'val': 'D:\\\\PycharmProject\\\\yolov7-main\\\\NEU-DET\\\\val.txt', 'nc': 6, 'names': ['crazing', 'inclusion', 'patches', 'pitted_surface', 'rolled-in_scale', 'scratches']}
2025-05-29 18:10:41,760 - asyncio - ERROR - Task was destroyed but it is pending!
task: <Task pending name='Task-2' coro=<Event.wait() running at D:\python310\lib\asyncio\locks.py:213> wait_for=<Future cancelled>>
2025-05-29 18:10:57,635 - models.yolo - INFO - Overriding model.yaml nc=80 with nc=6
2025-05-29 18:10:58,552 - models.yolo - INFO -
                 from  n    params  module                                  arguments
2025-05-29 18:10:58,555 - models.yolo - INFO -   0                -1  1       928  ç‰©ä½“æ£€æµ‹.YOLO_LEARN.models.common.Conv      [3, 32, 3, 1]
2025-05-29 18:10:58,556 - models.yolo - INFO -   1                -1  1     18560  ç‰©ä½“æ£€æµ‹.YOLO_LEARN.models.common.Conv      [32, 64, 3, 2]
2025-05-29 18:10:58,557 - models.yolo - INFO -   2                -1  1     36992  ç‰©ä½“æ£€æµ‹.YOLO_LEARN.models.common.Conv      [64, 64, 3, 1]
2025-05-29 18:10:58,558 - models.yolo - INFO -   3                -1  1     73984  ç‰©ä½“æ£€æµ‹.YOLO_LEARN.models.common.Conv      [64, 128, 3, 2]
2025-05-29 18:10:58,558 - models.yolo - INFO -   4                -1  1      8320  ç‰©ä½“æ£€æµ‹.YOLO_LEARN.models.common.Conv      [128, 64, 1, 1]
2025-05-29 18:10:58,559 - models.yolo - INFO -   5                -2  1      8320  ç‰©ä½“æ£€æµ‹.YOLO_LEARN.models.common.Conv      [128, 64, 1, 1]
2025-05-29 18:10:58,560 - models.yolo - INFO -   6                -1  1     36992  ç‰©ä½“æ£€æµ‹.YOLO_LEARN.models.common.Conv      [64, 64, 3, 1]
2025-05-29 18:10:58,560 - models.yolo - INFO -   7                -1  1     36992  ç‰©ä½“æ£€æµ‹.YOLO_LEARN.models.common.Conv      [64, 64, 3, 1]
2025-05-29 18:10:58,560 - models.yolo - INFO -   8                -1  1     36992  ç‰©ä½“æ£€æµ‹.YOLO_LEARN.models.common.Conv      [64, 64, 3, 1]
2025-05-29 18:10:58,561 - models.yolo - INFO -   9                -1  1     36992  ç‰©ä½“æ£€æµ‹.YOLO_LEARN.models.common.Conv      [64, 64, 3, 1]
2025-05-29 18:10:58,562 - models.yolo - INFO -  10  [-1, -3, -5, -6]  1         0  ç‰©ä½“æ£€æµ‹.YOLO_LEARN.models.common.Concat    [1]
2025-05-29 18:10:58,562 - models.yolo - INFO -  11                -1  1     66048  ç‰©ä½“æ£€æµ‹.YOLO_LEARN.models.common.Conv      [256, 256, 1, 1]
2025-05-29 18:10:58,563 - models.yolo - INFO -  12                -1  1         0  ç‰©ä½“æ£€æµ‹.YOLO_LEARN.models.common.MP        []
2025-05-29 18:10:58,563 - models.yolo - INFO -  13                -1  1     33024  ç‰©ä½“æ£€æµ‹.YOLO_LEARN.models.common.Conv      [256, 128, 1, 1]
2025-05-29 18:10:58,564 - models.yolo - INFO -  14                -3  1     33024  ç‰©ä½“æ£€æµ‹.YOLO_LEARN.models.common.Conv      [256, 128, 1, 1]
2025-05-29 18:10:58,565 - models.yolo - INFO -  15                -1  1    147712  ç‰©ä½“æ£€æµ‹.YOLO_LEARN.models.common.Conv      [128, 128, 3, 2]
2025-05-29 18:10:58,565 - models.yolo - INFO -  16          [-1, -3]  1         0  ç‰©ä½“æ£€æµ‹.YOLO_LEARN.models.common.Concat    [1]
2025-05-29 18:10:58,566 - models.yolo - INFO -  17                -1  1     33024  ç‰©ä½“æ£€æµ‹.YOLO_LEARN.models.common.Conv      [256, 128, 1, 1]
2025-05-29 18:10:58,566 - models.yolo - INFO -  18                -2  1     33024  ç‰©ä½“æ£€æµ‹.YOLO_LEARN.models.common.Conv      [256, 128, 1, 1]
2025-05-29 18:10:58,567 - models.yolo - INFO -  19                -1  1    147712  ç‰©ä½“æ£€æµ‹.YOLO_LEARN.models.common.Conv      [128, 128, 3, 1]
2025-05-29 18:10:58,568 - models.yolo - INFO -  20                -1  1    147712  ç‰©ä½“æ£€æµ‹.YOLO_LEARN.models.common.Conv      [128, 128, 3, 1]
2025-05-29 18:10:58,569 - models.yolo - INFO -  21                -1  1    147712  ç‰©ä½“æ£€æµ‹.YOLO_LEARN.models.common.Conv      [128, 128, 3, 1]
2025-05-29 18:10:58,569 - models.yolo - INFO -  22                -1  1    147712  ç‰©ä½“æ£€æµ‹.YOLO_LEARN.models.common.Conv      [128, 128, 3, 1]
2025-05-29 18:10:58,570 - models.yolo - INFO -  23  [-1, -3, -5, -6]  1         0  ç‰©ä½“æ£€æµ‹.YOLO_LEARN.models.common.Concat    [1]
2025-05-29 18:10:58,571 - models.yolo - INFO -  24                -1  1    263168  ç‰©ä½“æ£€æµ‹.YOLO_LEARN.models.common.Conv      [512, 512, 1, 1]
2025-05-29 18:10:58,572 - models.yolo - INFO -  25                -1  1         0  ç‰©ä½“æ£€æµ‹.YOLO_LEARN.models.common.MP        []
2025-05-29 18:10:58,572 - models.yolo - INFO -  26                -1  1    131584  ç‰©ä½“æ£€æµ‹.YOLO_LEARN.models.common.Conv      [512, 256, 1, 1]
2025-05-29 18:10:58,573 - models.yolo - INFO -  27                -3  1    131584  ç‰©ä½“æ£€æµ‹.YOLO_LEARN.models.common.Conv      [512, 256, 1, 1]
2025-05-29 18:10:58,575 - models.yolo - INFO -  28                -1  1    590336  ç‰©ä½“æ£€æµ‹.YOLO_LEARN.models.common.Conv      [256, 256, 3, 2]
2025-05-29 18:10:58,576 - models.yolo - INFO -  29          [-1, -3]  1         0  ç‰©ä½“æ£€æµ‹.YOLO_LEARN.models.common.Concat    [1]
2025-05-29 18:10:58,576 - models.yolo - INFO -  30                -1  1    131584  ç‰©ä½“æ£€æµ‹.YOLO_LEARN.models.common.Conv      [512, 256, 1, 1]
2025-05-29 18:10:58,577 - models.yolo - INFO -  31                -2  1    131584  ç‰©ä½“æ£€æµ‹.YOLO_LEARN.models.common.Conv      [512, 256, 1, 1]
2025-05-29 18:10:58,579 - models.yolo - INFO -  32                -1  1    590336  ç‰©ä½“æ£€æµ‹.YOLO_LEARN.models.common.Conv      [256, 256, 3, 1]
2025-05-29 18:10:58,581 - models.yolo - INFO -  33                -1  1    590336  ç‰©ä½“æ£€æµ‹.YOLO_LEARN.models.common.Conv      [256, 256, 3, 1]
2025-05-29 18:10:58,584 - models.yolo - INFO -  34                -1  1    590336  ç‰©ä½“æ£€æµ‹.YOLO_LEARN.models.common.Conv      [256, 256, 3, 1]
2025-05-29 18:10:58,586 - models.yolo - INFO -  35                -1  1    590336  ç‰©ä½“æ£€æµ‹.YOLO_LEARN.models.common.Conv      [256, 256, 3, 1]
2025-05-29 18:10:58,586 - models.yolo - INFO -  36  [-1, -3, -5, -6]  1         0  ç‰©ä½“æ£€æµ‹.YOLO_LEARN.models.common.Concat    [1]
2025-05-29 18:10:58,589 - models.yolo - INFO -  37                -1  1   1050624  ç‰©ä½“æ£€æµ‹.YOLO_LEARN.models.common.Conv      [1024, 1024, 1, 1]
2025-05-29 18:10:58,590 - models.yolo - INFO -  38                -1  1         0  ç‰©ä½“æ£€æµ‹.YOLO_LEARN.models.common.MP        []
2025-05-29 18:10:58,591 - models.yolo - INFO -  39                -1  1    525312  ç‰©ä½“æ£€æµ‹.YOLO_LEARN.models.common.Conv      [1024, 512, 1, 1]
2025-05-29 18:10:58,594 - models.yolo - INFO -  40                -3  1    525312  ç‰©ä½“æ£€æµ‹.YOLO_LEARN.models.common.Conv      [1024, 512, 1, 1]
2025-05-29 18:10:58,601 - models.yolo - INFO -  41                -1  1   2360320  ç‰©ä½“æ£€æµ‹.YOLO_LEARN.models.common.Conv      [512, 512, 3, 2]
2025-05-29 18:10:58,601 - models.yolo - INFO -  42          [-1, -3]  1         0  ç‰©ä½“æ£€æµ‹.YOLO_LEARN.models.common.Concat    [1]
2025-05-29 18:10:58,601 - models.yolo - INFO -  43                -1  1    262656  ç‰©ä½“æ£€æµ‹.YOLO_LEARN.models.common.Conv      [1024, 256, 1, 1]
2025-05-29 18:10:58,603 - models.yolo - INFO -  44                -2  1    262656  ç‰©ä½“æ£€æµ‹.YOLO_LEARN.models.common.Conv      [1024, 256, 1, 1]
2025-05-29 18:10:58,604 - models.yolo - INFO -  45                -1  1    590336  ç‰©ä½“æ£€æµ‹.YOLO_LEARN.models.common.Conv      [256, 256, 3, 1]
2025-05-29 18:10:58,607 - models.yolo - INFO -  46                -1  1    590336  ç‰©ä½“æ£€æµ‹.YOLO_LEARN.models.common.Conv      [256, 256, 3, 1]
2025-05-29 18:10:58,609 - models.yolo - INFO -  47                -1  1    590336  ç‰©ä½“æ£€æµ‹.YOLO_LEARN.models.common.Conv      [256, 256, 3, 1]
2025-05-29 18:10:58,611 - models.yolo - INFO -  48                -1  1    590336  ç‰©ä½“æ£€æµ‹.YOLO_LEARN.models.common.Conv      [256, 256, 3, 1]
2025-05-29 18:10:58,611 - models.yolo - INFO -  49  [-1, -3, -5, -6]  1         0  ç‰©ä½“æ£€æµ‹.YOLO_LEARN.models.common.Concat    [1]
2025-05-29 18:10:58,614 - models.yolo - INFO -  50                -1  1   1050624  ç‰©ä½“æ£€æµ‹.YOLO_LEARN.models.common.Conv      [1024, 1024, 1, 1]
2025-05-29 18:10:58,638 - models.yolo - INFO -  51                -1  1   7609344  ç‰©ä½“æ£€æµ‹.YOLO_LEARN.models.common.SPPCSPC   [1024, 512, 1]
2025-05-29 18:10:58,639 - models.yolo - INFO -  52                -1  1    131584  ç‰©ä½“æ£€æµ‹.YOLO_LEARN.models.common.Conv      [512, 256, 1, 1]
2025-05-29 18:10:58,639 - models.yolo - INFO -  53                -1  1         0  torch.nn.modules.upsampling.Upsample    [None, 2, 'nearest']
2025-05-29 18:10:58,640 - models.yolo - INFO -  54                37  1    262656  ç‰©ä½“æ£€æµ‹.YOLO_LEARN.models.common.Conv      [1024, 256, 1, 1]
2025-05-29 18:10:58,641 - models.yolo - INFO -  55          [-1, -2]  1         0  ç‰©ä½“æ£€æµ‹.YOLO_LEARN.models.common.Concat    [1]
2025-05-29 18:10:58,641 - models.yolo - INFO -  56                -1  1    131584  ç‰©ä½“æ£€æµ‹.YOLO_LEARN.models.common.Conv      [512, 256, 1, 1]
2025-05-29 18:10:58,642 - models.yolo - INFO -  57                -2  1    131584  ç‰©ä½“æ£€æµ‹.YOLO_LEARN.models.common.Conv      [512, 256, 1, 1]
2025-05-29 18:10:58,643 - models.yolo - INFO -  58                -1  1    295168  ç‰©ä½“æ£€æµ‹.YOLO_LEARN.models.common.Conv      [256, 128, 3, 1]
2025-05-29 18:10:58,644 - models.yolo - INFO -  59                -1  1    147712  ç‰©ä½“æ£€æµ‹.YOLO_LEARN.models.common.Conv      [128, 128, 3, 1]
2025-05-29 18:10:58,645 - models.yolo - INFO -  60                -1  1    147712  ç‰©ä½“æ£€æµ‹.YOLO_LEARN.models.common.Conv      [128, 128, 3, 1]
2025-05-29 18:10:58,646 - models.yolo - INFO -  61                -1  1    147712  ç‰©ä½“æ£€æµ‹.YOLO_LEARN.models.common.Conv      [128, 128, 3, 1]
2025-05-29 18:10:58,646 - models.yolo - INFO -  62[-1, -2, -3, -4, -5, -6]  1         0  ç‰©ä½“æ£€æµ‹.YOLO_LEARN.models.common.Concat    [1]
2025-05-29 18:10:58,647 - models.yolo - INFO -  63                -1  1    262656  ç‰©ä½“æ£€æµ‹.YOLO_LEARN.models.common.Conv      [1024, 256, 1, 1]
2025-05-29 18:10:58,648 - models.yolo - INFO -  64                -1  1     33024  ç‰©ä½“æ£€æµ‹.YOLO_LEARN.models.common.Conv      [256, 128, 1, 1]
2025-05-29 18:10:58,648 - models.yolo - INFO -  65                -1  1         0  torch.nn.modules.upsampling.Upsample    [None, 2, 'nearest']
2025-05-29 18:10:58,649 - models.yolo - INFO -  66                24  1     65792  ç‰©ä½“æ£€æµ‹.YOLO_LEARN.models.common.Conv      [512, 128, 1, 1]
2025-05-29 18:10:58,650 - models.yolo - INFO -  67          [-1, -2]  1         0  ç‰©ä½“æ£€æµ‹.YOLO_LEARN.models.common.Concat    [1]
2025-05-29 18:10:58,650 - models.yolo - INFO -  68                -1  1     33024  ç‰©ä½“æ£€æµ‹.YOLO_LEARN.models.common.Conv      [256, 128, 1, 1]
2025-05-29 18:10:58,650 - models.yolo - INFO -  69                -2  1     33024  ç‰©ä½“æ£€æµ‹.YOLO_LEARN.models.common.Conv      [256, 128, 1, 1]
2025-05-29 18:10:58,652 - models.yolo - INFO -  70                -1  1     73856  ç‰©ä½“æ£€æµ‹.YOLO_LEARN.models.common.Conv      [128, 64, 3, 1]
2025-05-29 18:10:58,652 - models.yolo - INFO -  71                -1  1     36992  ç‰©ä½“æ£€æµ‹.YOLO_LEARN.models.common.Conv      [64, 64, 3, 1]
2025-05-29 18:10:58,653 - models.yolo - INFO -  72                -1  1     36992  ç‰©ä½“æ£€æµ‹.YOLO_LEARN.models.common.Conv      [64, 64, 3, 1]
2025-05-29 18:10:58,653 - models.yolo - INFO -  73                -1  1     36992  ç‰©ä½“æ£€æµ‹.YOLO_LEARN.models.common.Conv      [64, 64, 3, 1]
2025-05-29 18:10:58,654 - models.yolo - INFO -  74[-1, -2, -3, -4, -5, -6]  1         0  ç‰©ä½“æ£€æµ‹.YOLO_LEARN.models.common.Concat    [1]
2025-05-29 18:10:58,654 - models.yolo - INFO -  75                -1  1     65792  ç‰©ä½“æ£€æµ‹.YOLO_LEARN.models.common.Conv      [512, 128, 1, 1]
2025-05-29 18:10:58,655 - models.yolo - INFO -  76                -1  1         0  ç‰©ä½“æ£€æµ‹.YOLO_LEARN.models.common.MP        []
2025-05-29 18:10:58,656 - models.yolo - INFO -  77                -1  1     16640  ç‰©ä½“æ£€æµ‹.YOLO_LEARN.models.common.Conv      [128, 128, 1, 1]
2025-05-29 18:10:58,656 - models.yolo - INFO -  78                -3  1     16640  ç‰©ä½“æ£€æµ‹.YOLO_LEARN.models.common.Conv      [128, 128, 1, 1]
2025-05-29 18:10:58,658 - models.yolo - INFO -  79                -1  1    147712  ç‰©ä½“æ£€æµ‹.YOLO_LEARN.models.common.Conv      [128, 128, 3, 2]
2025-05-29 18:10:58,658 - models.yolo - INFO -  80      [-1, -3, 63]  1         0  ç‰©ä½“æ£€æµ‹.YOLO_LEARN.models.common.Concat    [1]
2025-05-29 18:10:58,659 - models.yolo - INFO -  81                -1  1    131584  ç‰©ä½“æ£€æµ‹.YOLO_LEARN.models.common.Conv      [512, 256, 1, 1]
2025-05-29 18:10:58,660 - models.yolo - INFO -  82                -2  1    131584  ç‰©ä½“æ£€æµ‹.YOLO_LEARN.models.common.Conv      [512, 256, 1, 1]
2025-05-29 18:10:58,661 - models.yolo - INFO -  83                -1  1    295168  ç‰©ä½“æ£€æµ‹.YOLO_LEARN.models.common.Conv      [256, 128, 3, 1]
2025-05-29 18:10:58,662 - models.yolo - INFO -  84                -1  1    147712  ç‰©ä½“æ£€æµ‹.YOLO_LEARN.models.common.Conv      [128, 128, 3, 1]
2025-05-29 18:10:58,663 - models.yolo - INFO -  85                -1  1    147712  ç‰©ä½“æ£€æµ‹.YOLO_LEARN.models.common.Conv      [128, 128, 3, 1]
2025-05-29 18:10:58,664 - models.yolo - INFO -  86                -1  1    147712  ç‰©ä½“æ£€æµ‹.YOLO_LEARN.models.common.Conv      [128, 128, 3, 1]
2025-05-29 18:10:58,664 - models.yolo - INFO -  87[-1, -2, -3, -4, -5, -6]  1         0  ç‰©ä½“æ£€æµ‹.YOLO_LEARN.models.common.Concat    [1]
2025-05-29 18:10:58,666 - models.yolo - INFO -  88                -1  1    262656  ç‰©ä½“æ£€æµ‹.YOLO_LEARN.models.common.Conv      [1024, 256, 1, 1]
2025-05-29 18:10:58,666 - models.yolo - INFO -  89                -1  1         0  ç‰©ä½“æ£€æµ‹.YOLO_LEARN.models.common.MP        []
2025-05-29 18:10:58,666 - models.yolo - INFO -  90                -1  1     66048  ç‰©ä½“æ£€æµ‹.YOLO_LEARN.models.common.Conv      [256, 256, 1, 1]
2025-05-29 18:10:58,667 - models.yolo - INFO -  91                -3  1     66048  ç‰©ä½“æ£€æµ‹.YOLO_LEARN.models.common.Conv      [256, 256, 1, 1]
2025-05-29 18:10:58,669 - models.yolo - INFO -  92                -1  1    590336  ç‰©ä½“æ£€æµ‹.YOLO_LEARN.models.common.Conv      [256, 256, 3, 2]
2025-05-29 18:10:58,670 - models.yolo - INFO -  93      [-1, -3, 51]  1         0  ç‰©ä½“æ£€æµ‹.YOLO_LEARN.models.common.Concat    [1]
2025-05-29 18:10:58,671 - models.yolo - INFO -  94                -1  1    525312  ç‰©ä½“æ£€æµ‹.YOLO_LEARN.models.common.Conv      [1024, 512, 1, 1]
2025-05-29 18:10:58,672 - models.yolo - INFO -  95                -2  1    525312  ç‰©ä½“æ£€æµ‹.YOLO_LEARN.models.common.Conv      [1024, 512, 1, 1]
2025-05-29 18:10:58,677 - models.yolo - INFO -  96                -1  1   1180160  ç‰©ä½“æ£€æµ‹.YOLO_LEARN.models.common.Conv      [512, 256, 3, 1]
2025-05-29 18:10:58,679 - models.yolo - INFO -  97                -1  1    590336  ç‰©ä½“æ£€æµ‹.YOLO_LEARN.models.common.Conv      [256, 256, 3, 1]
2025-05-29 18:10:58,681 - models.yolo - INFO -  98                -1  1    590336  ç‰©ä½“æ£€æµ‹.YOLO_LEARN.models.common.Conv      [256, 256, 3, 1]
2025-05-29 18:10:58,682 - models.yolo - INFO -  99                -1  1    590336  ç‰©ä½“æ£€æµ‹.YOLO_LEARN.models.common.Conv      [256, 256, 3, 1]
2025-05-29 18:10:58,683 - models.yolo - INFO - 100[-1, -2, -3, -4, -5, -6]  1         0  ç‰©ä½“æ£€æµ‹.YOLO_LEARN.models.common.Concat    [1]
2025-05-29 18:10:58,686 - models.yolo - INFO - 101                -1  1   1049600  ç‰©ä½“æ£€æµ‹.YOLO_LEARN.models.common.Conv      [2048, 512, 1, 1]
2025-05-29 18:10:58,689 - models.yolo - INFO - 102                75  1    328704  ç‰©ä½“æ£€æµ‹.YOLO_LEARN.models.common.RepConv   [128, 256, 3, 1]
2025-05-29 18:10:58,692 - models.yolo - INFO - 103                88  1   1312768  ç‰©ä½“æ£€æµ‹.YOLO_LEARN.models.common.RepConv   [256, 512, 3, 1]
2025-05-29 18:10:58,707 - models.yolo - INFO - 104               101  1   5246976  ç‰©ä½“æ£€æµ‹.YOLO_LEARN.models.common.RepConv   [512, 1024, 3, 1]
2025-05-29 18:10:59,241 - models.yolo - INFO - 105   [102, 103, 104]  1     61126  models.yolo.IDetect                     [6, [[12, 16, 19, 36, 40, 28], [36, 75, 76, 55, 72, 146], [142, 110, 192, 243, 459, 401]], [256, 512, 1024]]
D:\é¡¹ç›®\å¾®è°ƒ\.venv\lib\site-packages\torch\functional.py:534: UserWarning: torch.meshgrid: in an upcoming release, it will be required to pass the indexing argument. (Triggered internally at C:\actions-runner\_work\pytorch\pytorch\builder\windows\pytorch\aten\src\ATen\native\TensorShape.cpp:3596.)
  return _VF.meshgrid(tensors, **kwargs)  # type: ignore[attr-defined]
2025-05-29 18:11:01,752 - æ·±åº¦ç½‘ç»œæž¶æž„pytorch.text - INFO - Model Summary: 415 layers, 37223526 parameters, 37223526 gradients, 105.2 GFLOPS
2025-05-29 18:11:01,752 - models.yolo - INFO -
freeze--: []
2025-05-29 18:11:04,423 - __main__ - INFO - Scaled weight_decay = 0.0005
{'lr0': 0.01, 'lrf': 0.1, 'momentum': 0.937, 'weight_decay': 0.0005, 'warmup_epochs': 3.0, 'warmup_momentum': 0.8, 'warmup_bias_lr': 0.1, 'box': 0.05, 'cls': 0.3, 'cls_pw': 1.0, 'obj': 0.7, 'obj_pw': 1.0, 'iou_t': 0.2, 'anchor_t': 4.0, 'fl_gamma': 0.0, 'hsv_h': 0.015, 'hsv_s': 0.7, 'hsv_v': 0.4, 'degrees': 0.0, 'translate': 0.2, 'scale': 0.9, 'shear': 0.0, 'perspective': 0.0, 'flipud': 0.0, 'fliplr': 0.5, 'mosaic': 1.0, 'mixup': 0.15, 'copy_paste': 0.0, 'paste_in': 0.15, 'loss_ota': 1}
0.0005 1.0 -----
2025-05-29 18:11:05,909 - __main__ - INFO - Optimizer groups: 95 .bias, 95 conv.weight, 98 other
Traceback (most recent call last):
  File "D:\pycharm\PyCharm 2024.1\plugins\python\helpers\pydev\_pydevd_bundle\pydevd_resolver.py", line 213, in resolve
    return dict[key]
KeyError: 'state_dict'

During handling of the above exception, another exception occurred:

Traceback (most recent call last):
  File "D:\pycharm\PyCharm 2024.1\plugins\python\helpers\pydev\_pydevd_bundle\pydevd_comm.py", line 1898, in do_it
    var_obj = pydevd_vars.getVariable(self.thread_id, self.frame_id, scope, attrs)
  File "D:\pycharm\PyCharm 2024.1\plugins\python\helpers\pydev\_pydevd_bundle\pydevd_vars.py", line 242, in getVariable
    var = resolver.resolve(var, k)
  File "D:\pycharm\PyCharm 2024.1\plugins\python\helpers\pydev\_pydevd_bundle\pydevd_resolver.py", line 215, in resolve
    return getattr(dict, key)
AttributeError: 'dict' object has no attribute 'state_dict'

[34m[1mtrain: [0mScanning 'D:\PycharmProject\yolov7-main\NEU-DET\train.cache' images and labels... 1770 found, 0 missing, 0 empty, 3 corrupted: 100%|â–ˆâ–ˆâ–ˆâ–ˆâ–ˆâ–ˆâ–ˆâ–ˆâ–ˆâ–ˆ| 1770/1770 [00:00<?, ?it/s]
False
[34m[1mval: [0mScanning 'D:\PycharmProject\yolov7-main\NEU-DET\val.cache' images and labels... 30 found, 0 missing, 0 empty, 0 corrupted: 100%|â–ˆâ–ˆâ–ˆâ–ˆâ–ˆâ–ˆâ–ˆâ–ˆâ–ˆâ–ˆ| 30/30 [00:00<?, ?it/s]
False
Traceback (most recent call last):
  File "D:\pycharm\PyCharm 2024.1\plugins\python\helpers\pydev\_pydevd_bundle\pydevd_comm.py", line 306, in _on_run
    r = r.decode('utf-8')
UnicodeDecodeError: 'utf-8' codec can't decode bytes in position 1022-1023: unexpected end of data
